d:\study\y3s2\cpp\cw\cppcoursework2021-v101\debug\courseworkbase2020.bsc
d:\study\y3s2\cpp\cw\cppcoursework2021-v101\debug\vc142.pdb
d:\study\y3s2\cpp\cw\cppcoursework2021-v101\debug\bulletobject.sbr
d:\study\y3s2\cpp\cw\cppcoursework2021-v101\debug\choosestate.sbr
d:\study\y3s2\cpp\cw\cppcoursework2021-v101\debug\draggingdemo.sbr
d:\study\y3s2\cpp\cw\cppcoursework2021-v101\debug\drawingsurface.sbr
d:\study\y3s2\cpp\cw\cppcoursework2021-v101\debug\enemytankobject.sbr
d:\study\y3s2\cpp\cw\cppcoursework2021-v101\debug\enterstate.sbr
d:\study\y3s2\cpp\cw\cppcoursework2021-v101\debug\flashingdemo.sbr
d:\study\y3s2\cpp\cw\cppcoursework2021-v101\debug\gameengine.sbr
d:\study\y3s2\cpp\cw\cppcoursework2021-v101\debug\myimage.sbr
d:\study\y3s2\cpp\cw\cppcoursework2021-v101\debug\tankobject.sbr
d:\study\y3s2\cpp\cw\cppcoursework2021-v101\debug\gametile.sbr
d:\study\y3s2\cpp\cw\cppcoursework2021-v101\debug\imagemappingdemo.sbr
d:\study\y3s2\cpp\cw\cppcoursework2021-v101\debug\losestate.sbr
d:\study\y3s2\cpp\cw\cppcoursework2021-v101\debug\mainfunction.sbr
d:\study\y3s2\cpp\cw\cppcoursework2021-v101\debug\baseengine.sbr
d:\study\y3s2\cpp\cw\cppcoursework2021-v101\debug\displayableobject.sbr
d:\study\y3s2\cpp\cw\cppcoursework2021-v101\debug\fontmanager.sbr
d:\study\y3s2\cpp\cw\cppcoursework2021-v101\debug\runstate.sbr
d:\study\y3s2\cpp\cw\cppcoursework2021-v101\debug\simpleimage.sbr
d:\study\y3s2\cpp\cw\cppcoursework2021-v101\debug\simpledemo.sbr
d:\study\y3s2\cpp\cw\cppcoursework2021-v101\debug\simpledemo.obj
d:\study\y3s2\cpp\cw\cppcoursework2021-v101\debug\simpleimage.obj
d:\study\y3s2\cpp\cw\cppcoursework2021-v101\debug\runstate.obj
d:\study\y3s2\cpp\cw\cppcoursework2021-v101\debug\fontmanager.obj
d:\study\y3s2\cpp\cw\cppcoursework2021-v101\debug\displayableobject.obj
d:\study\y3s2\cpp\cw\cppcoursework2021-v101\debug\baseengine.obj
d:\study\y3s2\cpp\cw\cppcoursework2021-v101\debug\mainfunction.obj
d:\study\y3s2\cpp\cw\cppcoursework2021-v101\debug\losestate.obj
d:\study\y3s2\cpp\cw\cppcoursework2021-v101\debug\imagemappingdemo.obj
d:\study\y3s2\cpp\cw\cppcoursework2021-v101\debug\gametile.obj
d:\study\y3s2\cpp\cw\cppcoursework2021-v101\debug\tankobject.obj
d:\study\y3s2\cpp\cw\cppcoursework2021-v101\debug\myimage.obj
d:\study\y3s2\cpp\cw\cppcoursework2021-v101\debug\gameengine.obj
d:\study\y3s2\cpp\cw\cppcoursework2021-v101\debug\flashingdemo.obj
d:\study\y3s2\cpp\cw\cppcoursework2021-v101\debug\enterstate.obj
d:\study\y3s2\cpp\cw\cppcoursework2021-v101\debug\enemytankobject.obj
d:\study\y3s2\cpp\cw\cppcoursework2021-v101\debug\drawingsurface.obj
d:\study\y3s2\cpp\cw\cppcoursework2021-v101\debug\draggingdemo.obj
d:\study\y3s2\cpp\cw\cppcoursework2021-v101\debug\choosestate.obj
d:\study\y3s2\cpp\cw\cppcoursework2021-v101\debug\bulletobject.obj
d:\study\y3s2\cpp\cw\cppcoursework2021-v101\debug\starfielddemo.sbr
d:\study\y3s2\cpp\cw\cppcoursework2021-v101\debug\startstate.sbr
d:\study\y3s2\cpp\cw\cppcoursework2021-v101\debug\mytankobject.sbr
d:\study\y3s2\cpp\cw\cppcoursework2021-v101\debug\tilemanager.sbr
d:\study\y3s2\cpp\cw\cppcoursework2021-v101\debug\bouncingball.sbr
d:\study\y3s2\cpp\cw\cppcoursework2021-v101\debug\bouncingballmain.sbr
d:\study\y3s2\cpp\cw\cppcoursework2021-v101\debug\winstate.sbr
d:\study\y3s2\cpp\cw\cppcoursework2021-v101\debug\zoomingdemo.sbr
d:\study\y3s2\cpp\cw\cppcoursework2021-v101\debug\zoomingdemo.obj
d:\study\y3s2\cpp\cw\cppcoursework2021-v101\debug\winstate.obj
d:\study\y3s2\cpp\cw\cppcoursework2021-v101\debug\bouncingballmain.obj
d:\study\y3s2\cpp\cw\cppcoursework2021-v101\debug\bouncingball.obj
d:\study\y3s2\cpp\cw\cppcoursework2021-v101\debug\tilemanager.obj
d:\study\y3s2\cpp\cw\cppcoursework2021-v101\debug\mytankobject.obj
d:\study\y3s2\cpp\cw\cppcoursework2021-v101\debug\startstate.obj
d:\study\y3s2\cpp\cw\cppcoursework2021-v101\debug\starfielddemo.obj
d:\study\y3s2\cpp\cw\cppcoursework2021-v101\debug\mazedemomain.sbr
d:\study\y3s2\cpp\cw\cppcoursework2021-v101\debug\mazedemoobject.sbr
d:\study\y3s2\cpp\cw\cppcoursework2021-v101\debug\mazedemotilemanager.sbr
d:\study\y3s2\cpp\cw\cppcoursework2021-v101\debug\mazedemotilemanager.obj
d:\study\y3s2\cpp\cw\cppcoursework2021-v101\debug\mazedemoobject.obj
d:\study\y3s2\cpp\cw\cppcoursework2021-v101\debug\mazedemomain.obj
d:\study\y3s2\cpp\cw\cppcoursework2021-v101\debug\courseworkbase2020.ilk
d:\study\y3s2\cpp\cw\cppcoursework2021-v101\debug\courseworkbase2020.exe
d:\study\y3s2\cpp\cw\cppcoursework2021-v101\src\map
d:\study\y3s2\cpp\cw\cppcoursework2021-v101\debug\courseworkbase2020.pdb
d:\study\y3s2\cpp\cw\cppcoursework2021-v101\debug\courseworkbase2020.res
d:\study\y3s2\cpp\cw\cppcoursework2021-v101\/debug\courseworkbase2020.pdb
d:\study\y3s2\cpp\cw\cppcoursework2021-v101\/debug\courseworkbase2020.bsc
d:\study\y3s2\cpp\cw\cppcoursework2021-v101\/debug\courseworkbase2020.ilk
d:\study\y3s2\cpp\cw\cppcoursework2021-v101\debug\coursewo.63f64093.tlog\bscmake.command.1.tlog
d:\study\y3s2\cpp\cw\cppcoursework2021-v101\debug\coursewo.63f64093.tlog\bscmake.read.1.tlog
d:\study\y3s2\cpp\cw\cppcoursework2021-v101\debug\coursewo.63f64093.tlog\bscmake.write.1.tlog
d:\study\y3s2\cpp\cw\cppcoursework2021-v101\debug\coursewo.63f64093.tlog\cl.command.1.tlog
d:\study\y3s2\cpp\cw\cppcoursework2021-v101\debug\coursewo.63f64093.tlog\cl.read.1.tlog
d:\study\y3s2\cpp\cw\cppcoursework2021-v101\debug\coursewo.63f64093.tlog\cl.write.1.tlog
d:\study\y3s2\cpp\cw\cppcoursework2021-v101\debug\coursewo.63f64093.tlog\link.command.1.tlog
d:\study\y3s2\cpp\cw\cppcoursework2021-v101\debug\coursewo.63f64093.tlog\link.read.1.tlog
d:\study\y3s2\cpp\cw\cppcoursework2021-v101\debug\coursewo.63f64093.tlog\link.write.1.tlog
d:\study\y3s2\cpp\cw\cppcoursework2021-v101\debug\coursewo.63f64093.tlog\rc.command.1.tlog
d:\study\y3s2\cpp\cw\cppcoursework2021-v101\debug\coursewo.63f64093.tlog\rc.read.1.tlog
d:\study\y3s2\cpp\cw\cppcoursework2021-v101\debug\coursewo.63f64093.tlog\rc.write.1.tlog
